[2025-05-02T22:28:53.669Z] [INFO] [DB Init] Starte Datenbank-Initialisierung 
[2025-05-02T22:28:54.284Z] [ERROR] [DB Init] Fehler beim Initialisieren der Default-Kategorien: [{"errorLabelSet":{}}]
[2025-05-02T22:28:54.618Z] [ERROR] [DB Init] Fehler bei der Datenbank-Initialisierung: [{"errorLabelSet":{}}]
[2025-05-02T22:28:54.972Z] [ERROR] [App] Fehler bei der Datenbank-Initialisierung: [{"errorLabelSet":{}}]
[2025-05-02T22:29:00.794Z] [INFO] [API] GET /api/music - Hole alle Musik-Einträge 
[2025-05-02T22:29:01.150Z] [ERROR] [API] Fehler beim Abrufen der Musik: [{"errorLabelSet":{}}]
[2025-05-02T22:29:01.162Z] [INFO] [API] GET /api/music - Hole alle Musik-Einträge 
[2025-05-02T22:29:01.523Z] [ERROR] [API] Fehler beim Abrufen der Musik: [{"errorLabelSet":{}}]
[2025-05-02T22:29:03.377Z] [ERROR] [Server Action] Fehler beim Laden der Ankündigungen: [{"errorLabelSet":{}}]
[2025-05-02T22:29:05.683Z] [ERROR] [Server Action] Fehler beim Laden der Gruppenfarben: [{"errorLabelSet":{}}]
[2025-05-02T22:29:07.353Z] [ERROR] [Server Action] Fehler beim Laden der Ankündigungen: [{"errorLabelSet":{}}]
[2025-05-02T22:29:09.040Z] [ERROR] [Server Action] Fehler beim Laden der Gruppenfarben: [{"errorLabelSet":{}}]
[2025-05-02T22:29:10.365Z] [INFO] [API] GET /api/music - Hole alle Musik-Einträge 
[2025-05-02T22:29:10.813Z] [ERROR] [API] Fehler beim Abrufen der Musik: [{"errorLabelSet":{}}]
[2025-05-02T22:29:10.994Z] [INFO] [API] GET /api/music - Hole alle Musik-Einträge 
[2025-05-02T22:29:11.611Z] [ERROR] [API] Fehler beim Abrufen der Musik: [{"errorLabelSet":{}}]
[2025-05-02T22:29:54.398Z] [INFO] [DB Init] Starte Datenbank-Initialisierung 
[2025-05-02T22:29:55.031Z] [ERROR] [DB Init] Fehler beim Initialisieren der Default-Kategorien: [{"errorLabelSet":{}}]
[2025-05-02T22:29:55.389Z] [ERROR] [DB Init] Fehler bei der Datenbank-Initialisierung: [{"errorLabelSet":{}}]
[2025-05-02T22:29:55.744Z] [ERROR] [App] Fehler bei der Datenbank-Initialisierung: [{"errorLabelSet":{}}]
[2025-05-02T22:29:59.522Z] [INFO] [API] GET /api/music - Hole alle Musik-Einträge 
[2025-05-02T22:30:00.274Z] [ERROR] [API] Fehler beim Abrufen der Musik: [{"errorLabelSet":{}}]
[2025-05-02T22:30:00.287Z] [INFO] [API] GET /api/music - Hole alle Musik-Einträge 
[2025-05-02T22:30:00.704Z] [ERROR] [API] Fehler beim Abrufen der Musik: [{"errorLabelSet":{}}]
[2025-05-02T22:30:18.505Z] [INFO] [DB Init] Starte Datenbank-Initialisierung 
[2025-05-02T22:30:18.748Z] [INFO] [DB Init] Datenbank-Initialisierung abgeschlossen 
[2025-05-02T22:30:38.291Z] [INFO] [API] GET /api/music - Hole alle Musik-Einträge 
[2025-05-02T22:30:38.347Z] [INFO] [API] GET /api/music - Hole alle Musik-Einträge 
[2025-05-02T22:30:42.556Z] [INFO] [API] GET /api/music - Hole alle Musik-Einträge 
[2025-05-02T22:30:42.682Z] [INFO] [API] GET /api/music - Hole alle Musik-Einträge 
[2025-05-02T22:32:08.990Z] [INFO] [DB Init] Starte Datenbank-Initialisierung 
[2025-05-02T22:32:09.541Z] [INFO] [DB Init] Datenbank-Initialisierung abgeschlossen 
[2025-05-02T22:32:13.053Z] [INFO] [API] GET /api/music - Hole alle Musik-Einträge 
[2025-05-02T22:32:13.083Z] [INFO] [API] GET /api/music - Hole alle Musik-Einträge 
[2025-05-02T22:32:22.262Z] [INFO] [API] GET /api/music - Hole alle Musik-Einträge 
[2025-05-02T22:32:23.645Z] [INFO] [API] GET /api/music - Hole alle Musik-Einträge 
[2025-05-02T22:40:12.095Z] [INFO] [DB Init] Starte Datenbank-Initialisierung 
[2025-05-02T22:40:12.157Z] [INFO] [DB Init] Datenbank-Initialisierung abgeschlossen 
[2025-05-02T22:40:14.310Z] [INFO] [API] GET /api/music - Hole alle Musik-Einträge 
[2025-05-02T22:40:14.318Z] [INFO] [API] GET /api/music - Hole alle Musik-Einträge 
[2025-05-02T22:40:33.507Z] [INFO] [DB Init] Starte Datenbank-Initialisierung 
[2025-05-02T22:40:33.532Z] [INFO] [DB Init] Datenbank-Initialisierung abgeschlossen 
[2025-05-02T22:40:34.546Z] [INFO] [API] GET /api/music - Hole alle Musik-Einträge 
[2025-05-02T22:40:34.758Z] [INFO] [API] GET /api/music - Hole alle Musik-Einträge 
[2025-05-02T22:40:47.360Z] [INFO] [DB Init] Starte Datenbank-Initialisierung 
[2025-05-02T22:40:47.385Z] [INFO] [DB Init] Datenbank-Initialisierung abgeschlossen 
[2025-05-02T22:40:53.284Z] [INFO] [API] GET /api/music - Hole alle Musik-Einträge 
[2025-05-02T22:40:53.396Z] [INFO] [API] GET /api/music - Hole alle Musik-Einträge 
[2025-05-02T22:40:54.348Z] [INFO] [API] GET /api/music - Hole alle Musik-Einträge 
[2025-05-02T22:40:54.494Z] [INFO] [API] GET /api/music - Hole alle Musik-Einträge 
[2025-05-02T22:40:58.624Z] [INFO] [API] GET /api/music - Hole alle Musik-Einträge 
[2025-05-02T22:40:58.801Z] [INFO] [API] GET /api/music - Hole alle Musik-Einträge 
[2025-05-02T22:41:39.241Z] [INFO] [DB Init] Starte Datenbank-Initialisierung 
[2025-05-02T22:41:39.255Z] [INFO] [DB Init] Datenbank-Initialisierung abgeschlossen 
[2025-05-02T22:44:01.504Z] [INFO] [DB Init] Starte Datenbank-Initialisierung 
[2025-05-02T22:44:01.754Z] [INFO] [DB Init] Datenbank-Initialisierung abgeschlossen 
[2025-05-02T22:44:20.320Z] [INFO] [DB Init] Starte Datenbank-Initialisierung 
[2025-05-02T22:44:20.357Z] [INFO] [DB Init] Datenbank-Initialisierung abgeschlossen 
[2025-05-02T22:44:20.795Z] [INFO] [DB Init] Starte Datenbank-Initialisierung 
[2025-05-02T22:44:20.953Z] [INFO] [DB Init] Datenbank-Initialisierung abgeschlossen 
[2025-05-02T22:44:22.131Z] [INFO] [DB Init] Starte Datenbank-Initialisierung 
[2025-05-02T22:44:22.294Z] [INFO] [DB Init] Datenbank-Initialisierung abgeschlossen 
[2025-05-02T22:44:23.192Z] [INFO] [DB Init] Starte Datenbank-Initialisierung 
[2025-05-02T22:44:23.210Z] [INFO] [DB Init] Datenbank-Initialisierung abgeschlossen 
[2025-05-02T22:45:09.009Z] [INFO] [DB Init] Starte Datenbank-Initialisierung 
[2025-05-02T22:45:09.376Z] [INFO] [DB Init] Datenbank-Initialisierung abgeschlossen 
[2025-05-02T22:45:10.679Z] [INFO] [API] GET /api/music - Hole alle Musik-Einträge 
[2025-05-02T22:45:10.699Z] [INFO] [API] GET /api/music - Hole alle Musik-Einträge 
[2025-05-02T22:45:13.681Z] [INFO] [API] GET /api/music - Hole alle Musik-Einträge 
[2025-05-02T22:45:13.794Z] [INFO] [DB Init] Starte Datenbank-Initialisierung 
[2025-05-02T22:45:13.982Z] [INFO] [DB Init] Datenbank-Initialisierung abgeschlossen 
[2025-05-02T22:45:14.089Z] [INFO] [API] GET /api/music - Hole alle Musik-Einträge 
[2025-05-02T22:45:39.226Z] [INFO] [DB Init] Starte Datenbank-Initialisierung 
[2025-05-02T22:45:39.257Z] [INFO] [DB Init] Datenbank-Initialisierung abgeschlossen 
[2025-05-02T22:45:42.388Z] [INFO] [API] GET /api/music - Hole alle Musik-Einträge 
[2025-05-02T22:45:42.433Z] [INFO] [API] GET /api/music - Hole alle Musik-Einträge 
